<?xml version="1.0" encoding="UTF-8"?>
<testsuite xmlns:xsi="http://www.w3.org/2001/XMLSchema-instance" xsi:noNamespaceSchemaLocation="https://maven.apache.org/surefire/maven-surefire-plugin/xsd/surefire-test-report.xsd" version="3.0.2" name="br.unesp.rc.VectorTest" time="0.066" tests="1" errors="0" skipped="0" failures="0">
  <properties>
[...]
</properties>
  <testcase name="testSize" classname="br.unesp.rc.VectorTest" time="0.026">
    <system-out><![CDATA[Inicializando os vetores
Os vetores são do mesmo tamanho?
]]></system-out>
  </testcase>
</testsuite>